<?xml version="1.0" ?>
<coverage version="7.13.1" timestamp="1767623272670" lines-valid="1565" lines-covered="246" line-rate="0.1572" branches-covered="0" branches-valid="0" branch-rate="0" complexity="0">
	<!-- Generated by coverage.py: https://coverage.readthedocs.io/en/7.13.1 -->
	<!-- Based on https://raw.githubusercontent.com/cobertura/web/master/htdocs/xml/coverage-04.dtd -->
	<sources>
		<source>/home/runner/work/linear-regression-guide/linear-regression-guide</source>
	</sources>
	<packages>
		<package name="." line-rate="0.1572" branch-rate="0" complexity="0">
			<classes>
				<class name="app.py" filename="app.py" complexity="0" line-rate="0" branch-rate="0">
					<methods/>
					<lines>
						<line number="10" hits="0"/>
						<line number="11" hits="0"/>
						<line number="12" hits="0"/>
						<line number="13" hits="0"/>
						<line number="14" hits="0"/>
						<line number="15" hits="0"/>
						<line number="16" hits="0"/>
						<line number="17" hits="0"/>
						<line number="20" hits="0"/>
						<line number="34" hits="0"/>
						<line number="39" hits="0"/>
						<line number="52" hits="0"/>
						<line number="63" hits="0"/>
						<line number="64" hits="0"/>
						<line number="65" hits="0"/>
						<line number="66" hits="0"/>
						<line number="67" hits="0"/>
						<line number="68" hits="0"/>
						<line number="69" hits="0"/>
						<line number="70" hits="0"/>
						<line number="71" hits="0"/>
						<line number="72" hits="0"/>
						<line number="75" hits="0"/>
						<line number="128" hits="0"/>
						<line number="131" hits="0"/>
						<line number="132" hits="0"/>
						<line number="133" hits="0"/>
						<line number="145" hits="0"/>
						<line number="160" hits="0"/>
						<line number="161" hits="0"/>
						<line number="162" hits="0"/>
						<line number="163" hits="0"/>
						<line number="164" hits="0"/>
						<line number="174" hits="0"/>
						<line number="175" hits="0"/>
						<line number="184" hits="0"/>
						<line number="193" hits="0"/>
						<line number="194" hits="0"/>
						<line number="195" hits="0"/>
						<line number="205" hits="0"/>
						<line number="206" hits="0"/>
						<line number="215" hits="0"/>
						<line number="225" hits="0"/>
						<line number="226" hits="0"/>
						<line number="236" hits="0"/>
						<line number="237" hits="0"/>
						<line number="246" hits="0"/>
						<line number="257" hits="0"/>
						<line number="260" hits="0"/>
						<line number="261" hits="0"/>
						<line number="262" hits="0"/>
						<line number="265" hits="0"/>
						<line number="266" hits="0"/>
						<line number="267" hits="0"/>
						<line number="268" hits="0"/>
						<line number="269" hits="0"/>
						<line number="270" hits="0"/>
						<line number="272" hits="0"/>
						<line number="273" hits="0"/>
						<line number="274" hits="0"/>
						<line number="277" hits="0"/>
						<line number="288" hits="0"/>
						<line number="291" hits="0"/>
						<line number="292" hits="0"/>
						<line number="293" hits="0"/>
						<line number="294" hits="0"/>
						<line number="295" hits="0"/>
						<line number="296" hits="0"/>
						<line number="297" hits="0"/>
						<line number="298" hits="0"/>
						<line number="299" hits="0"/>
						<line number="300" hits="0"/>
						<line number="302" hits="0"/>
						<line number="303" hits="0"/>
						<line number="304" hits="0"/>
						<line number="310" hits="0"/>
						<line number="313" hits="0"/>
						<line number="314" hits="0"/>
						<line number="315" hits="0"/>
						<line number="316" hits="0"/>
						<line number="318" hits="0"/>
						<line number="319" hits="0"/>
						<line number="326" hits="0"/>
						<line number="327" hits="0"/>
						<line number="336" hits="0"/>
						<line number="337" hits="0"/>
						<line number="345" hits="0"/>
						<line number="354" hits="0"/>
						<line number="355" hits="0"/>
						<line number="363" hits="0"/>
						<line number="372" hits="0"/>
						<line number="373" hits="0"/>
						<line number="374" hits="0"/>
						<line number="375" hits="0"/>
						<line number="376" hits="0"/>
						<line number="377" hits="0"/>
						<line number="378" hits="0"/>
						<line number="379" hits="0"/>
						<line number="381" hits="0"/>
						<line number="382" hits="0"/>
						<line number="383" hits="0"/>
						<line number="384" hits="0"/>
						<line number="387" hits="0"/>
						<line number="388" hits="0"/>
						<line number="389" hits="0"/>
						<line number="390" hits="0"/>
						<line number="391" hits="0"/>
						<line number="392" hits="0"/>
						<line number="395" hits="0"/>
						<line number="396" hits="0"/>
						<line number="397" hits="0"/>
						<line number="398" hits="0"/>
						<line number="401" hits="0"/>
						<line number="402" hits="0"/>
						<line number="403" hits="0"/>
						<line number="404" hits="0"/>
						<line number="405" hits="0"/>
						<line number="406" hits="0"/>
						<line number="415" hits="0"/>
						<line number="417" hits="0"/>
						<line number="419" hits="0"/>
						<line number="420" hits="0"/>
						<line number="427" hits="0"/>
						<line number="429" hits="0"/>
						<line number="430" hits="0"/>
						<line number="437" hits="0"/>
						<line number="439" hits="0"/>
						<line number="441" hits="0"/>
						<line number="442" hits="0"/>
						<line number="443" hits="0"/>
						<line number="444" hits="0"/>
						<line number="445" hits="0"/>
						<line number="446" hits="0"/>
						<line number="449" hits="0"/>
						<line number="450" hits="0"/>
						<line number="451" hits="0"/>
						<line number="452" hits="0"/>
						<line number="453" hits="0"/>
						<line number="454" hits="0"/>
						<line number="455" hits="0"/>
						<line number="456" hits="0"/>
						<line number="457" hits="0"/>
						<line number="458" hits="0"/>
						<line number="459" hits="0"/>
						<line number="460" hits="0"/>
						<line number="461" hits="0"/>
						<line number="462" hits="0"/>
						<line number="464" hits="0"/>
						<line number="465" hits="0"/>
						<line number="466" hits="0"/>
						<line number="472" hits="0"/>
						<line number="483" hits="0"/>
						<line number="484" hits="0"/>
						<line number="485" hits="0"/>
						<line number="486" hits="0"/>
						<line number="488" hits="0"/>
						<line number="489" hits="0"/>
						<line number="490" hits="0"/>
						<line number="491" hits="0"/>
						<line number="492" hits="0"/>
						<line number="493" hits="0"/>
						<line number="494" hits="0"/>
						<line number="495" hits="0"/>
						<line number="496" hits="0"/>
						<line number="497" hits="0"/>
						<line number="498" hits="0"/>
						<line number="499" hits="0"/>
						<line number="500" hits="0"/>
						<line number="501" hits="0"/>
						<line number="502" hits="0"/>
						<line number="509" hits="0"/>
						<line number="517" hits="0"/>
						<line number="523" hits="0"/>
						<line number="525" hits="0"/>
						<line number="526" hits="0"/>
						<line number="528" hits="0"/>
						<line number="529" hits="0"/>
						<line number="530" hits="0"/>
						<line number="531" hits="0"/>
						<line number="533" hits="0"/>
						<line number="534" hits="0"/>
						<line number="535" hits="0"/>
						<line number="536" hits="0"/>
						<line number="537" hits="0"/>
						<line number="538" hits="0"/>
						<line number="539" hits="0"/>
						<line number="540" hits="0"/>
						<line number="541" hits="0"/>
						<line number="542" hits="0"/>
						<line number="543" hits="0"/>
						<line number="544" hits="0"/>
						<line number="545" hits="0"/>
						<line number="546" hits="0"/>
						<line number="547" hits="0"/>
						<line number="548" hits="0"/>
						<line number="551" hits="0"/>
						<line number="582" hits="0"/>
						<line number="583" hits="0"/>
						<line number="584" hits="0"/>
						<line number="585" hits="0"/>
						<line number="586" hits="0"/>
						<line number="587" hits="0"/>
						<line number="588" hits="0"/>
						<line number="589" hits="0"/>
						<line number="590" hits="0"/>
						<line number="591" hits="0"/>
						<line number="592" hits="0"/>
						<line number="593" hits="0"/>
						<line number="594" hits="0"/>
						<line number="595" hits="0"/>
						<line number="596" hits="0"/>
						<line number="597" hits="0"/>
						<line number="598" hits="0"/>
						<line number="599" hits="0"/>
						<line number="600" hits="0"/>
						<line number="601" hits="0"/>
						<line number="602" hits="0"/>
						<line number="603" hits="0"/>
						<line number="604" hits="0"/>
						<line number="605" hits="0"/>
						<line number="606" hits="0"/>
						<line number="614" hits="0"/>
						<line number="619" hits="0"/>
						<line number="620" hits="0"/>
						<line number="623" hits="0"/>
						<line number="628" hits="0"/>
						<line number="629" hits="0"/>
						<line number="634" hits="0"/>
						<line number="636" hits="0"/>
						<line number="637" hits="0"/>
						<line number="651" hits="0"/>
						<line number="664" hits="0"/>
						<line number="666" hits="0"/>
						<line number="668" hits="0"/>
						<line number="673" hits="0"/>
						<line number="686" hits="0"/>
						<line number="695" hits="0"/>
						<line number="700" hits="0"/>
						<line number="701" hits="0"/>
						<line number="706" hits="0"/>
						<line number="712" hits="0"/>
						<line number="713" hits="0"/>
						<line number="714" hits="0"/>
						<line number="718" hits="0"/>
						<line number="719" hits="0"/>
						<line number="720" hits="0"/>
						<line number="723" hits="0"/>
						<line number="724" hits="0"/>
						<line number="728" hits="0"/>
						<line number="732" hits="0"/>
						<line number="734" hits="0"/>
						<line number="735" hits="0"/>
						<line number="736" hits="0"/>
						<line number="748" hits="0"/>
						<line number="758" hits="0"/>
						<line number="759" hits="0"/>
						<line number="760" hits="0"/>
						<line number="774" hits="0"/>
						<line number="786" hits="0"/>
						<line number="787" hits="0"/>
						<line number="788" hits="0"/>
						<line number="798" hits="0"/>
						<line number="799" hits="0"/>
						<line number="804" hits="0"/>
						<line number="810" hits="0"/>
						<line number="811" hits="0"/>
						<line number="812" hits="0"/>
						<line number="816" hits="0"/>
						<line number="817" hits="0"/>
						<line number="818" hits="0"/>
						<line number="827" hits="0"/>
						<line number="829" hits="0"/>
						<line number="830" hits="0"/>
						<line number="831" hits="0"/>
						<line number="849" hits="0"/>
						<line number="852" hits="0"/>
						<line number="854" hits="0"/>
						<line number="855" hits="0"/>
						<line number="856" hits="0"/>
						<line number="875" hits="0"/>
						<line number="877" hits="0"/>
						<line number="889" hits="0"/>
						<line number="891" hits="0"/>
						<line number="893" hits="0"/>
						<line number="895" hits="0"/>
						<line number="898" hits="0"/>
						<line number="911" hits="0"/>
						<line number="923" hits="0"/>
						<line number="924" hits="0"/>
						<line number="936" hits="0"/>
						<line number="948" hits="0"/>
						<line number="950" hits="0"/>
						<line number="964" hits="0"/>
						<line number="965" hits="0"/>
						<line number="970" hits="0"/>
						<line number="977" hits="0"/>
						<line number="978" hits="0"/>
						<line number="979" hits="0"/>
						<line number="981" hits="0"/>
						<line number="983" hits="0"/>
						<line number="984" hits="0"/>
						<line number="985" hits="0"/>
						<line number="986" hits="0"/>
						<line number="987" hits="0"/>
						<line number="991" hits="0"/>
						<line number="1004" hits="0"/>
						<line number="1010" hits="0"/>
						<line number="1012" hits="0"/>
						<line number="1013" hits="0"/>
						<line number="1014" hits="0"/>
						<line number="1015" hits="0"/>
						<line number="1017" hits="0"/>
						<line number="1038" hits="0"/>
						<line number="1051" hits="0"/>
						<line number="1053" hits="0"/>
						<line number="1055" hits="0"/>
						<line number="1066" hits="0"/>
						<line number="1087" hits="0"/>
						<line number="1088" hits="0"/>
						<line number="1109" hits="0"/>
						<line number="1110" hits="0"/>
						<line number="1111" hits="0"/>
						<line number="1112" hits="0"/>
						<line number="1114" hits="0"/>
						<line number="1127" hits="0"/>
						<line number="1144" hits="0"/>
						<line number="1146" hits="0"/>
						<line number="1160" hits="0"/>
						<line number="1161" hits="0"/>
						<line number="1166" hits="0"/>
						<line number="1172" hits="0"/>
						<line number="1174" hits="0"/>
						<line number="1175" hits="0"/>
						<line number="1176" hits="0"/>
						<line number="1181" hits="0"/>
						<line number="1182" hits="0"/>
						<line number="1189" hits="0"/>
						<line number="1196" hits="0"/>
						<line number="1197" hits="0"/>
						<line number="1204" hits="0"/>
						<line number="1206" hits="0"/>
						<line number="1207" hits="0"/>
						<line number="1210" hits="0"/>
						<line number="1211" hits="0"/>
						<line number="1214" hits="0"/>
						<line number="1215" hits="0"/>
						<line number="1216" hits="0"/>
						<line number="1218" hits="0"/>
						<line number="1233" hits="0"/>
						<line number="1234" hits="0"/>
						<line number="1235" hits="0"/>
						<line number="1238" hits="0"/>
						<line number="1240" hits="0"/>
						<line number="1241" hits="0"/>
						<line number="1242" hits="0"/>
						<line number="1247" hits="0"/>
						<line number="1248" hits="0"/>
						<line number="1249" hits="0"/>
						<line number="1250" hits="0"/>
						<line number="1251" hits="0"/>
						<line number="1252" hits="0"/>
						<line number="1254" hits="0"/>
						<line number="1255" hits="0"/>
						<line number="1257" hits="0"/>
						<line number="1264" hits="0"/>
						<line number="1267" hits="0"/>
						<line number="1278" hits="0"/>
						<line number="1288" hits="0"/>
						<line number="1296" hits="0"/>
						<line number="1301" hits="0"/>
						<line number="1302" hits="0"/>
						<line number="1307" hits="0"/>
						<line number="1317" hits="0"/>
						<line number="1318" hits="0"/>
						<line number="1319" hits="0"/>
						<line number="1324" hits="0"/>
						<line number="1326" hits="0"/>
						<line number="1328" hits="0"/>
						<line number="1329" hits="0"/>
						<line number="1330" hits="0"/>
						<line number="1341" hits="0"/>
						<line number="1342" hits="0"/>
						<line number="1343" hits="0"/>
						<line number="1345" hits="0"/>
						<line number="1355" hits="0"/>
						<line number="1356" hits="0"/>
						<line number="1357" hits="0"/>
						<line number="1358" hits="0"/>
						<line number="1362" hits="0"/>
						<line number="1363" hits="0"/>
						<line number="1382" hits="0"/>
						<line number="1383" hits="0"/>
						<line number="1384" hits="0"/>
						<line number="1386" hits="0"/>
						<line number="1401" hits="0"/>
						<line number="1402" hits="0"/>
						<line number="1407" hits="0"/>
						<line number="1415" hits="0"/>
						<line number="1417" hits="0"/>
						<line number="1418" hits="0"/>
						<line number="1421" hits="0"/>
						<line number="1423" hits="0"/>
						<line number="1426" hits="0"/>
						<line number="1439" hits="0"/>
						<line number="1457" hits="0"/>
						<line number="1469" hits="0"/>
						<line number="1471" hits="0"/>
						<line number="1481" hits="0"/>
						<line number="1482" hits="0"/>
						<line number="1484" hits="0"/>
						<line number="1485" hits="0"/>
						<line number="1486" hits="0"/>
						<line number="1493" hits="0"/>
						<line number="1495" hits="0"/>
						<line number="1496" hits="0"/>
						<line number="1503" hits="0"/>
						<line number="1505" hits="0"/>
						<line number="1514" hits="0"/>
						<line number="1534" hits="0"/>
						<line number="1535" hits="0"/>
						<line number="1540" hits="0"/>
						<line number="1547" hits="0"/>
						<line number="1548" hits="0"/>
						<line number="1550" hits="0"/>
						<line number="1562" hits="0"/>
						<line number="1573" hits="0"/>
						<line number="1576" hits="0"/>
						<line number="1577" hits="0"/>
						<line number="1589" hits="0"/>
						<line number="1602" hits="0"/>
						<line number="1603" hits="0"/>
						<line number="1616" hits="0"/>
						<line number="1617" hits="0"/>
						<line number="1618" hits="0"/>
						<line number="1629" hits="0"/>
						<line number="1632" hits="0"/>
						<line number="1633" hits="0"/>
						<line number="1635" hits="0"/>
						<line number="1636" hits="0"/>
						<line number="1638" hits="0"/>
						<line number="1639" hits="0"/>
						<line number="1641" hits="0"/>
						<line number="1642" hits="0"/>
						<line number="1644" hits="0"/>
						<line number="1646" hits="0"/>
						<line number="1648" hits="0"/>
						<line number="1650" hits="0"/>
						<line number="1651" hits="0"/>
						<line number="1652" hits="0"/>
						<line number="1672" hits="0"/>
						<line number="1673" hits="0"/>
						<line number="1676" hits="0"/>
						<line number="1678" hits="0"/>
						<line number="1681" hits="0"/>
						<line number="1683" hits="0"/>
						<line number="1685" hits="0"/>
						<line number="1700" hits="0"/>
						<line number="1704" hits="0"/>
						<line number="1708" hits="0"/>
						<line number="1711" hits="0"/>
						<line number="1724" hits="0"/>
						<line number="1743" hits="0"/>
						<line number="1755" hits="0"/>
						<line number="1757" hits="0"/>
						<line number="1773" hits="0"/>
						<line number="1774" hits="0"/>
						<line number="1779" hits="0"/>
						<line number="1788" hits="0"/>
						<line number="1789" hits="0"/>
						<line number="1791" hits="0"/>
						<line number="1793" hits="0"/>
						<line number="1794" hits="0"/>
						<line number="1795" hits="0"/>
						<line number="1812" hits="0"/>
						<line number="1814" hits="0"/>
						<line number="1815" hits="0"/>
						<line number="1816" hits="0"/>
						<line number="1837" hits="0"/>
						<line number="1838" hits="0"/>
						<line number="1856" hits="0"/>
						<line number="1870" hits="0"/>
						<line number="1874" hits="0"/>
						<line number="1878" hits="0"/>
						<line number="1880" hits="0"/>
						<line number="1881" hits="0"/>
						<line number="1886" hits="0"/>
						<line number="1888" hits="0"/>
						<line number="1889" hits="0"/>
						<line number="1905" hits="0"/>
						<line number="1906" hits="0"/>
						<line number="1921" hits="0"/>
						<line number="1922" hits="0"/>
						<line number="1927" hits="0"/>
						<line number="1936" hits="0"/>
						<line number="1940" hits="0"/>
						<line number="1942" hits="0"/>
						<line number="1944" hits="0"/>
						<line number="1955" hits="0"/>
						<line number="1957" hits="0"/>
						<line number="1958" hits="0"/>
						<line number="1960" hits="0"/>
						<line number="1961" hits="0"/>
						<line number="1962" hits="0"/>
						<line number="1963" hits="0"/>
						<line number="1965" hits="0"/>
						<line number="1966" hits="0"/>
						<line number="1969" hits="0"/>
						<line number="1981" hits="0"/>
						<line number="1988" hits="0"/>
						<line number="1989" hits="0"/>
						<line number="1990" hits="0"/>
						<line number="2004" hits="0"/>
						<line number="2005" hits="0"/>
						<line number="2008" hits="0"/>
						<line number="2022" hits="0"/>
						<line number="2023" hits="0"/>
						<line number="2038" hits="0"/>
						<line number="2039" hits="0"/>
						<line number="2040" hits="0"/>
						<line number="2041" hits="0"/>
						<line number="2043" hits="0"/>
						<line number="2044" hits="0"/>
						<line number="2047" hits="0"/>
						<line number="2061" hits="0"/>
						<line number="2062" hits="0"/>
						<line number="2077" hits="0"/>
						<line number="2084" hits="0"/>
						<line number="2107" hits="0"/>
						<line number="2109" hits="0"/>
						<line number="2111" hits="0"/>
						<line number="2112" hits="0"/>
						<line number="2113" hits="0"/>
						<line number="2114" hits="0"/>
						<line number="2116" hits="0"/>
						<line number="2117" hits="0"/>
						<line number="2119" hits="0"/>
						<line number="2120" hits="0"/>
						<line number="2122" hits="0"/>
						<line number="2136" hits="0"/>
						<line number="2140" hits="0"/>
						<line number="2142" hits="0"/>
						<line number="2143" hits="0"/>
						<line number="2148" hits="0"/>
						<line number="2149" hits="0"/>
						<line number="2160" hits="0"/>
						<line number="2163" hits="0"/>
						<line number="2165" hits="0"/>
						<line number="2166" hits="0"/>
						<line number="2169" hits="0"/>
						<line number="2170" hits="0"/>
						<line number="2172" hits="0"/>
						<line number="2182" hits="0"/>
						<line number="2195" hits="0"/>
						<line number="2207" hits="0"/>
						<line number="2208" hits="0"/>
						<line number="2209" hits="0"/>
						<line number="2210" hits="0"/>
						<line number="2212" hits="0"/>
						<line number="2214" hits="0"/>
						<line number="2216" hits="0"/>
						<line number="2226" hits="0"/>
						<line number="2227" hits="0"/>
						<line number="2232" hits="0"/>
						<line number="2242" hits="0"/>
						<line number="2244" hits="0"/>
						<line number="2245" hits="0"/>
						<line number="2246" hits="0"/>
						<line number="2247" hits="0"/>
						<line number="2249" hits="0"/>
						<line number="2259" hits="0"/>
						<line number="2260" hits="0"/>
						<line number="2269" hits="0"/>
						<line number="2274" hits="0"/>
						<line number="2276" hits="0"/>
						<line number="2277" hits="0"/>
						<line number="2283" hits="0"/>
						<line number="2285" hits="0"/>
						<line number="2287" hits="0"/>
						<line number="2300" hits="0"/>
						<line number="2308" hits="0"/>
						<line number="2318" hits="0"/>
						<line number="2328" hits="0"/>
						<line number="2336" hits="0"/>
						<line number="2338" hits="0"/>
						<line number="2349" hits="0"/>
						<line number="2350" hits="0"/>
						<line number="2355" hits="0"/>
						<line number="2363" hits="0"/>
						<line number="2368" hits="0"/>
						<line number="2370" hits="0"/>
						<line number="2372" hits="0"/>
						<line number="2374" hits="0"/>
						<line number="2375" hits="0"/>
						<line number="2378" hits="0"/>
						<line number="2379" hits="0"/>
						<line number="2380" hits="0"/>
						<line number="2381" hits="0"/>
						<line number="2382" hits="0"/>
						<line number="2385" hits="0"/>
						<line number="2386" hits="0"/>
						<line number="2387" hits="0"/>
						<line number="2388" hits="0"/>
						<line number="2390" hits="0"/>
						<line number="2391" hits="0"/>
						<line number="2394" hits="0"/>
						<line number="2407" hits="0"/>
						<line number="2419" hits="0"/>
						<line number="2431" hits="0"/>
						<line number="2442" hits="0"/>
						<line number="2444" hits="0"/>
						<line number="2445" hits="0"/>
						<line number="2446" hits="0"/>
						<line number="2447" hits="0"/>
						<line number="2449" hits="0"/>
						<line number="2450" hits="0"/>
						<line number="2453" hits="0"/>
						<line number="2454" hits="0"/>
						<line number="2455" hits="0"/>
						<line number="2457" hits="0"/>
						<line number="2458" hits="0"/>
						<line number="2459" hits="0"/>
						<line number="2461" hits="0"/>
						<line number="2462" hits="0"/>
						<line number="2464" hits="0"/>
						<line number="2467" hits="0"/>
						<line number="2472" hits="0"/>
						<line number="2481" hits="0"/>
						<line number="2483" hits="0"/>
						<line number="2486" hits="0"/>
						<line number="2487" hits="0"/>
						<line number="2489" hits="0"/>
						<line number="2493" hits="0"/>
						<line number="2494" hits="0"/>
						<line number="2495" hits="0"/>
						<line number="2498" hits="0"/>
						<line number="2499" hits="0"/>
						<line number="2500" hits="0"/>
						<line number="2502" hits="0"/>
						<line number="2503" hits="0"/>
						<line number="2504" hits="0"/>
						<line number="2507" hits="0"/>
						<line number="2508" hits="0"/>
						<line number="2509" hits="0"/>
						<line number="2510" hits="0"/>
						<line number="2512" hits="0"/>
						<line number="2514" hits="0"/>
						<line number="2527" hits="0"/>
						<line number="2528" hits="0"/>
						<line number="2529" hits="0"/>
						<line number="2530" hits="0"/>
						<line number="2531" hits="0"/>
						<line number="2532" hits="0"/>
						<line number="2533" hits="0"/>
						<line number="2544" hits="0"/>
						<line number="2545" hits="0"/>
						<line number="2547" hits="0"/>
						<line number="2548" hits="0"/>
						<line number="2550" hits="0"/>
						<line number="2556" hits="0"/>
						<line number="2558" hits="0"/>
						<line number="2559" hits="0"/>
						<line number="2560" hits="0"/>
						<line number="2561" hits="0"/>
						<line number="2563" hits="0"/>
						<line number="2564" hits="0"/>
						<line number="2566" hits="0"/>
						<line number="2569" hits="0"/>
						<line number="2570" hits="0"/>
						<line number="2571" hits="0"/>
						<line number="2572" hits="0"/>
						<line number="2573" hits="0"/>
						<line number="2574" hits="0"/>
						<line number="2576" hits="0"/>
						<line number="2578" hits="0"/>
						<line number="2580" hits="0"/>
						<line number="2596" hits="0"/>
						<line number="2601" hits="0"/>
						<line number="2603" hits="0"/>
						<line number="2605" hits="0"/>
						<line number="2606" hits="0"/>
						<line number="2609" hits="0"/>
						<line number="2610" hits="0"/>
						<line number="2612" hits="0"/>
						<line number="2615" hits="0"/>
						<line number="2626" hits="0"/>
						<line number="2627" hits="0"/>
						<line number="2640" hits="0"/>
						<line number="2641" hits="0"/>
						<line number="2642" hits="0"/>
						<line number="2651" hits="0"/>
						<line number="2654" hits="0"/>
						<line number="2656" hits="0"/>
						<line number="2664" hits="0"/>
						<line number="2666" hits="0"/>
						<line number="2667" hits="0"/>
						<line number="2668" hits="0"/>
						<line number="2669" hits="0"/>
						<line number="2670" hits="0"/>
						<line number="2674" hits="0"/>
						<line number="2675" hits="0"/>
						<line number="2676" hits="0"/>
						<line number="2678" hits="0"/>
						<line number="2679" hits="0"/>
						<line number="2681" hits="0"/>
						<line number="2684" hits="0"/>
						<line number="2685" hits="0"/>
						<line number="2687" hits="0"/>
						<line number="2689" hits="0"/>
						<line number="2691" hits="0"/>
						<line number="2695" hits="0"/>
						<line number="2705" hits="0"/>
						<line number="2718" hits="0"/>
						<line number="2719" hits="0"/>
						<line number="2720" hits="0"/>
						<line number="2732" hits="0"/>
						<line number="2733" hits="0"/>
						<line number="2734" hits="0"/>
						<line number="2735" hits="0"/>
						<line number="2737" hits="0"/>
						<line number="2739" hits="0"/>
						<line number="2741" hits="0"/>
						<line number="2742" hits="0"/>
						<line number="2743" hits="0"/>
						<line number="2745" hits="0"/>
						<line number="2746" hits="0"/>
						<line number="2748" hits="0"/>
						<line number="2757" hits="0"/>
						<line number="2772" hits="0"/>
						<line number="2773" hits="0"/>
						<line number="2778" hits="0"/>
						<line number="2788" hits="0"/>
						<line number="2790" hits="0"/>
						<line number="2792" hits="0"/>
						<line number="2795" hits="0"/>
						<line number="2808" hits="0"/>
						<line number="2819" hits="0"/>
						<line number="2820" hits="0"/>
						<line number="2832" hits="0"/>
						<line number="2833" hits="0"/>
						<line number="2834" hits="0"/>
						<line number="2846" hits="0"/>
						<line number="2847" hits="0"/>
						<line number="2848" hits="0"/>
						<line number="2859" hits="0"/>
						<line number="2867" hits="0"/>
						<line number="2869" hits="0"/>
						<line number="2870" hits="0"/>
						<line number="2871" hits="0"/>
						<line number="2872" hits="0"/>
						<line number="2873" hits="0"/>
						<line number="2875" hits="0"/>
						<line number="2876" hits="0"/>
						<line number="2877" hits="0"/>
						<line number="2879" hits="0"/>
						<line number="2890" hits="0"/>
						<line number="2895" hits="0"/>
						<line number="2905" hits="0"/>
						<line number="2906" hits="0"/>
						<line number="2907" hits="0"/>
						<line number="2908" hits="0"/>
						<line number="2909" hits="0"/>
						<line number="2912" hits="0"/>
						<line number="2915" hits="0"/>
						<line number="2916" hits="0"/>
						<line number="2929" hits="0"/>
						<line number="2941" hits="0"/>
						<line number="2953" hits="0"/>
						<line number="2954" hits="0"/>
						<line number="2955" hits="0"/>
						<line number="2956" hits="0"/>
						<line number="2957" hits="0"/>
						<line number="2959" hits="0"/>
						<line number="2971" hits="0"/>
						<line number="2985" hits="0"/>
						<line number="2998" hits="0"/>
						<line number="3010" hits="0"/>
						<line number="3013" hits="0"/>
						<line number="3015" hits="0"/>
						<line number="3016" hits="0"/>
						<line number="3017" hits="0"/>
						<line number="3028" hits="0"/>
						<line number="3029" hits="0"/>
						<line number="3030" hits="0"/>
						<line number="3041" hits="0"/>
						<line number="3042" hits="0"/>
						<line number="3043" hits="0"/>
						<line number="3054" hits="0"/>
						<line number="3064" hits="0"/>
						<line number="3067" hits="0"/>
						<line number="3068" hits="0"/>
						<line number="3071" hits="0"/>
						<line number="3073" hits="0"/>
						<line number="3074" hits="0"/>
						<line number="3077" hits="0"/>
						<line number="3081" hits="0"/>
						<line number="3082" hits="0"/>
						<line number="3083" hits="0"/>
						<line number="3084" hits="0"/>
						<line number="3088" hits="0"/>
						<line number="3089" hits="0"/>
						<line number="3090" hits="0"/>
						<line number="3092" hits="0"/>
						<line number="3093" hits="0"/>
						<line number="3097" hits="0"/>
						<line number="3106" hits="0"/>
						<line number="3110" hits="0"/>
						<line number="3112" hits="0"/>
						<line number="3113" hits="0"/>
						<line number="3114" hits="0"/>
						<line number="3123" hits="0"/>
						<line number="3124" hits="0"/>
						<line number="3125" hits="0"/>
						<line number="3141" hits="0"/>
						<line number="3143" hits="0"/>
						<line number="3144" hits="0"/>
						<line number="3145" hits="0"/>
						<line number="3146" hits="0"/>
						<line number="3157" hits="0"/>
						<line number="3158" hits="0"/>
						<line number="3163" hits="0"/>
						<line number="3170" hits="0"/>
						<line number="3175" hits="0"/>
						<line number="3177" hits="0"/>
						<line number="3179" hits="0"/>
						<line number="3182" hits="0"/>
						<line number="3195" hits="0"/>
						<line number="3206" hits="0"/>
						<line number="3219" hits="0"/>
						<line number="3231" hits="0"/>
						<line number="3239" hits="0"/>
						<line number="3241" hits="0"/>
						<line number="3242" hits="0"/>
						<line number="3243" hits="0"/>
						<line number="3244" hits="0"/>
						<line number="3246" hits="0"/>
						<line number="3257" hits="0"/>
						<line number="3258" hits="0"/>
						<line number="3280" hits="0"/>
						<line number="3285" hits="0"/>
						<line number="3292" hits="0"/>
						<line number="3294" hits="0"/>
						<line number="3297" hits="0"/>
						<line number="3307" hits="0"/>
						<line number="3319" hits="0"/>
						<line number="3332" hits="0"/>
						<line number="3347" hits="0"/>
						<line number="3362" hits="0"/>
						<line number="3375" hits="0"/>
						<line number="3376" hits="0"/>
						<line number="3377" hits="0"/>
						<line number="3378" hits="0"/>
						<line number="3379" hits="0"/>
						<line number="3380" hits="0"/>
						<line number="3393" hits="0"/>
						<line number="3405" hits="0"/>
						<line number="3406" hits="0"/>
						<line number="3407" hits="0"/>
						<line number="3409" hits="0"/>
						<line number="3411" hits="0"/>
						<line number="3413" hits="0"/>
						<line number="3414" hits="0"/>
						<line number="3415" hits="0"/>
						<line number="3416" hits="0"/>
						<line number="3417" hits="0"/>
						<line number="3419" hits="0"/>
						<line number="3420" hits="0"/>
						<line number="3422" hits="0"/>
						<line number="3435" hits="0"/>
						<line number="3440" hits="0"/>
						<line number="3442" hits="0"/>
						<line number="3445" hits="0"/>
						<line number="3457" hits="0"/>
						<line number="3458" hits="0"/>
						<line number="3459" hits="0"/>
						<line number="3462" hits="0"/>
						<line number="3464" hits="0"/>
						<line number="3465" hits="0"/>
						<line number="3466" hits="0"/>
						<line number="3469" hits="0"/>
						<line number="3470" hits="0"/>
						<line number="3471" hits="0"/>
						<line number="3473" hits="0"/>
						<line number="3492" hits="0"/>
						<line number="3495" hits="0"/>
						<line number="3498" hits="0"/>
						<line number="3501" hits="0"/>
						<line number="3509" hits="0"/>
						<line number="3530" hits="0"/>
						<line number="3532" hits="0"/>
						<line number="3534" hits="0"/>
						<line number="3535" hits="0"/>
						<line number="3536" hits="0"/>
						<line number="3537" hits="0"/>
						<line number="3540" hits="0"/>
						<line number="3546" hits="0"/>
						<line number="3548" hits="0"/>
						<line number="3558" hits="0"/>
						<line number="3559" hits="0"/>
						<line number="3564" hits="0"/>
						<line number="3576" hits="0"/>
						<line number="3581" hits="0"/>
						<line number="3589" hits="0"/>
						<line number="3606" hits="0"/>
						<line number="3607" hits="0"/>
						<line number="3608" hits="0"/>
						<line number="3612" hits="0"/>
						<line number="3613" hits="0"/>
						<line number="3624" hits="0"/>
						<line number="3635" hits="0"/>
						<line number="3640" hits="0"/>
						<line number="3641" hits="0"/>
						<line number="3652" hits="0"/>
						<line number="3664" hits="0"/>
						<line number="3679" hits="0"/>
						<line number="3680" hits="0"/>
						<line number="3681" hits="0"/>
						<line number="3693" hits="0"/>
						<line number="3704" hits="0"/>
						<line number="3713" hits="0"/>
						<line number="3714" hits="0"/>
						<line number="3715" hits="0"/>
						<line number="3727" hits="0"/>
						<line number="3738" hits="0"/>
						<line number="3748" hits="0"/>
						<line number="3749" hits="0"/>
						<line number="3750" hits="0"/>
						<line number="3762" hits="0"/>
						<line number="3765" hits="0"/>
						<line number="3766" hits="0"/>
						<line number="3767" hits="0"/>
						<line number="3768" hits="0"/>
						<line number="3769" hits="0"/>
						<line number="3782" hits="0"/>
						<line number="3786" hits="0"/>
						<line number="3787" hits="0"/>
						<line number="3799" hits="0"/>
						<line number="3800" hits="0"/>
						<line number="3813" hits="0"/>
						<line number="3814" hits="0"/>
						<line number="3826" hits="0"/>
						<line number="3840" hits="0"/>
						<line number="3841" hits="0"/>
						<line number="3842" hits="0"/>
						<line number="3843" hits="0"/>
						<line number="3844" hits="0"/>
						<line number="3845" hits="0"/>
						<line number="3846" hits="0"/>
						<line number="3847" hits="0"/>
						<line number="3848" hits="0"/>
						<line number="3849" hits="0"/>
						<line number="3850" hits="0"/>
						<line number="3851" hits="0"/>
						<line number="3852" hits="0"/>
						<line number="3854" hits="0"/>
						<line number="3861" hits="0"/>
						<line number="3864" hits="0"/>
						<line number="3866" hits="0"/>
						<line number="3867" hits="0"/>
						<line number="3881" hits="0"/>
						<line number="3882" hits="0"/>
						<line number="3896" hits="0"/>
						<line number="3897" hits="0"/>
						<line number="3899" hits="0"/>
						<line number="3901" hits="0"/>
						<line number="3903" hits="0"/>
						<line number="3913" hits="0"/>
						<line number="3915" hits="0"/>
						<line number="3923" hits="0"/>
						<line number="3925" hits="0"/>
						<line number="3934" hits="0"/>
						<line number="3936" hits="0"/>
						<line number="3938" hits="0"/>
						<line number="3940" hits="0"/>
						<line number="3942" hits="0"/>
						<line number="3953" hits="0"/>
						<line number="3963" hits="0"/>
						<line number="3971" hits="0"/>
						<line number="3973" hits="0"/>
						<line number="3983" hits="0"/>
						<line number="3988" hits="0"/>
						<line number="3990" hits="0"/>
						<line number="3992" hits="0"/>
						<line number="3993" hits="0"/>
						<line number="3995" hits="0"/>
						<line number="3998" hits="0"/>
						<line number="4009" hits="0"/>
						<line number="4010" hits="0"/>
						<line number="4023" hits="0"/>
						<line number="4024" hits="0"/>
						<line number="4025" hits="0"/>
						<line number="4035" hits="0"/>
						<line number="4039" hits="0"/>
						<line number="4047" hits="0"/>
						<line number="4049" hits="0"/>
						<line number="4050" hits="0"/>
						<line number="4051" hits="0"/>
						<line number="4052" hits="0"/>
						<line number="4054" hits="0"/>
						<line number="4055" hits="0"/>
						<line number="4057" hits="0"/>
						<line number="4058" hits="0"/>
						<line number="4059" hits="0"/>
						<line number="4061" hits="0"/>
						<line number="4062" hits="0"/>
						<line number="4063" hits="0"/>
						<line number="4064" hits="0"/>
						<line number="4066" hits="0"/>
						<line number="4069" hits="0"/>
						<line number="4074" hits="0"/>
						<line number="4076" hits="0"/>
						<line number="4078" hits="0"/>
						<line number="4079" hits="0"/>
						<line number="4081" hits="0"/>
						<line number="4084" hits="0"/>
						<line number="4095" hits="0"/>
						<line number="4096" hits="0"/>
						<line number="4109" hits="0"/>
						<line number="4110" hits="0"/>
						<line number="4120" hits="0"/>
						<line number="4127" hits="0"/>
						<line number="4136" hits="0"/>
						<line number="4138" hits="0"/>
						<line number="4139" hits="0"/>
						<line number="4140" hits="0"/>
						<line number="4141" hits="0"/>
						<line number="4143" hits="0"/>
						<line number="4144" hits="0"/>
						<line number="4146" hits="0"/>
						<line number="4159" hits="0"/>
						<line number="4163" hits="0"/>
						<line number="4174" hits="0"/>
						<line number="4177" hits="0"/>
						<line number="4182" hits="0"/>
						<line number="4190" hits="0"/>
						<line number="4191" hits="0"/>
						<line number="4194" hits="0"/>
						<line number="4195" hits="0"/>
						<line number="4200" hits="0"/>
						<line number="4201" hits="0"/>
						<line number="4206" hits="0"/>
						<line number="4217" hits="0"/>
						<line number="4218" hits="0"/>
						<line number="4219" hits="0"/>
						<line number="4227" hits="0"/>
						<line number="4238" hits="0"/>
						<line number="4239" hits="0"/>
						<line number="4242" hits="0"/>
						<line number="4243" hits="0"/>
						<line number="4244" hits="0"/>
						<line number="4247" hits="0"/>
						<line number="4248" hits="0"/>
						<line number="4249" hits="0"/>
						<line number="4252" hits="0"/>
						<line number="4260" hits="0"/>
						<line number="4262" hits="0"/>
						<line number="4263" hits="0"/>
						<line number="4266" hits="0"/>
						<line number="4267" hits="0"/>
						<line number="4268" hits="0"/>
						<line number="4269" hits="0"/>
						<line number="4270" hits="0"/>
						<line number="4271" hits="0"/>
						<line number="4272" hits="0"/>
						<line number="4274" hits="0"/>
						<line number="4276" hits="0"/>
						<line number="4278" hits="0"/>
						<line number="4280" hits="0"/>
						<line number="4291" hits="0"/>
						<line number="4292" hits="0"/>
						<line number="4295" hits="0"/>
						<line number="4297" hits="0"/>
						<line number="4298" hits="0"/>
						<line number="4299" hits="0"/>
						<line number="4300" hits="0"/>
						<line number="4303" hits="0"/>
						<line number="4306" hits="0"/>
						<line number="4320" hits="0"/>
						<line number="4321" hits="0"/>
						<line number="4336" hits="0"/>
						<line number="4337" hits="0"/>
						<line number="4351" hits="0"/>
						<line number="4366" hits="0"/>
						<line number="4383" hits="0"/>
						<line number="4395" hits="0"/>
						<line number="4397" hits="0"/>
						<line number="4399" hits="0"/>
						<line number="4400" hits="0"/>
						<line number="4401" hits="0"/>
						<line number="4402" hits="0"/>
						<line number="4403" hits="0"/>
						<line number="4404" hits="0"/>
						<line number="4406" hits="0"/>
						<line number="4407" hits="0"/>
						<line number="4408" hits="0"/>
						<line number="4410" hits="0"/>
						<line number="4411" hits="0"/>
						<line number="4413" hits="0"/>
						<line number="4416" hits="0"/>
						<line number="4421" hits="0"/>
						<line number="4422" hits="0"/>
						<line number="4423" hits="0"/>
						<line number="4424" hits="0"/>
						<line number="4425" hits="0"/>
						<line number="4426" hits="0"/>
						<line number="4428" hits="0"/>
						<line number="4439" hits="0"/>
						<line number="4442" hits="0"/>
						<line number="4461" hits="0"/>
						<line number="4462" hits="0"/>
						<line number="4467" hits="0"/>
						<line number="4477" hits="0"/>
						<line number="4479" hits="0"/>
						<line number="4481" hits="0"/>
						<line number="4482" hits="0"/>
						<line number="4483" hits="0"/>
						<line number="4486" hits="0"/>
						<line number="4487" hits="0"/>
						<line number="4488" hits="0"/>
						<line number="4491" hits="0"/>
						<line number="4492" hits="0"/>
						<line number="4493" hits="0"/>
						<line number="4495" hits="0"/>
						<line number="4508" hits="0"/>
						<line number="4509" hits="0"/>
						<line number="4521" hits="0"/>
						<line number="4532" hits="0"/>
						<line number="4545" hits="0"/>
						<line number="4556" hits="0"/>
						<line number="4559" hits="0"/>
						<line number="4560" hits="0"/>
						<line number="4574" hits="0"/>
						<line number="4585" hits="0"/>
						<line number="4598" hits="0"/>
						<line number="4609" hits="0"/>
						<line number="4612" hits="0"/>
						<line number="4626" hits="0"/>
						<line number="4642" hits="0"/>
						<line number="4645" hits="0"/>
						<line number="4648" hits="0"/>
						<line number="4651" hits="0"/>
						<line number="4652" hits="0"/>
						<line number="4655" hits="0"/>
						<line number="4659" hits="0"/>
						<line number="4666" hits="0"/>
						<line number="4668" hits="0"/>
						<line number="4669" hits="0"/>
						<line number="4685" hits="0"/>
						<line number="4703" hits="0"/>
						<line number="4708" hits="0"/>
						<line number="4709" hits="0"/>
						<line number="4711" hits="0"/>
						<line number="4713" hits="0"/>
						<line number="4714" hits="0"/>
						<line number="4715" hits="0"/>
						<line number="4716" hits="0"/>
						<line number="4717" hits="0"/>
						<line number="4718" hits="0"/>
						<line number="4720" hits="0"/>
						<line number="4721" hits="0"/>
						<line number="4722" hits="0"/>
						<line number="4723" hits="0"/>
						<line number="4724" hits="0"/>
						<line number="4725" hits="0"/>
						<line number="4726" hits="0"/>
						<line number="4728" hits="0"/>
						<line number="4729" hits="0"/>
						<line number="4731" hits="0"/>
						<line number="4732" hits="0"/>
						<line number="4733" hits="0"/>
						<line number="4738" hits="0"/>
						<line number="4739" hits="0"/>
						<line number="4741" hits="0"/>
						<line number="4743" hits="0"/>
						<line number="4744" hits="0"/>
						<line number="4761" hits="0"/>
						<line number="4772" hits="0"/>
						<line number="4774" hits="0"/>
						<line number="4776" hits="0"/>
						<line number="4777" hits="0"/>
						<line number="4778" hits="0"/>
						<line number="4779" hits="0"/>
						<line number="4780" hits="0"/>
						<line number="4783" hits="0"/>
						<line number="4784" hits="0"/>
						<line number="4789" hits="0"/>
						<line number="4791" hits="0"/>
						<line number="4792" hits="0"/>
						<line number="4794" hits="0"/>
						<line number="4795" hits="0"/>
						<line number="4798" hits="0"/>
						<line number="4809" hits="0"/>
						<line number="4811" hits="0"/>
						<line number="4813" hits="0"/>
						<line number="4814" hits="0"/>
						<line number="4815" hits="0"/>
						<line number="4816" hits="0"/>
						<line number="4817" hits="0"/>
						<line number="4818" hits="0"/>
						<line number="4821" hits="0"/>
						<line number="4833" hits="0"/>
						<line number="4845" hits="0"/>
						<line number="4856" hits="0"/>
						<line number="4868" hits="0"/>
						<line number="4870" hits="0"/>
						<line number="4871" hits="0"/>
						<line number="4873" hits="0"/>
						<line number="4889" hits="0"/>
						<line number="4890" hits="0"/>
						<line number="4891" hits="0"/>
						<line number="4893" hits="0"/>
						<line number="4896" hits="0"/>
						<line number="4897" hits="0"/>
						<line number="4898" hits="0"/>
						<line number="4899" hits="0"/>
						<line number="4914" hits="0"/>
						<line number="4915" hits="0"/>
						<line number="4928" hits="0"/>
						<line number="4931" hits="0"/>
						<line number="4932" hits="0"/>
						<line number="4933" hits="0"/>
						<line number="4934" hits="0"/>
						<line number="4952" hits="0"/>
						<line number="4953" hits="0"/>
						<line number="4965" hits="0"/>
						<line number="4968" hits="0"/>
						<line number="4969" hits="0"/>
						<line number="4970" hits="0"/>
						<line number="4971" hits="0"/>
						<line number="4989" hits="0"/>
						<line number="4990" hits="0"/>
						<line number="5002" hits="0"/>
						<line number="5003" hits="0"/>
						<line number="5005" hits="0"/>
						<line number="5019" hits="0"/>
						<line number="5022" hits="0"/>
						<line number="5023" hits="0"/>
					</lines>
				</class>
				<class name="config.py" filename="config.py" complexity="0" line-rate="1" branch-rate="0">
					<methods/>
					<lines>
						<line number="13" hits="1"/>
						<line number="28" hits="1"/>
						<line number="42" hits="1"/>
						<line number="45" hits="1"/>
						<line number="46" hits="1"/>
						<line number="47" hits="1"/>
						<line number="54" hits="1"/>
						<line number="75" hits="1"/>
						<line number="93" hits="1"/>
						<line number="109" hits="1"/>
						<line number="132" hits="1"/>
						<line number="152" hits="1"/>
						<line number="165" hits="1"/>
						<line number="177" hits="1"/>
						<line number="191" hits="1"/>
					</lines>
				</class>
				<class name="data.py" filename="data.py" complexity="0" line-rate="0.6435" branch-rate="0">
					<methods/>
					<lines>
						<line number="8" hits="1"/>
						<line number="9" hits="1"/>
						<line number="10" hits="1"/>
						<line number="11" hits="1"/>
						<line number="12" hits="1"/>
						<line number="22" hits="1"/>
						<line number="23" hits="1"/>
						<line number="41" hits="0"/>
						<line number="45" hits="0"/>
						<line number="46" hits="0"/>
						<line number="48" hits="0"/>
						<line number="49" hits="0"/>
						<line number="50" hits="0"/>
						<line number="53" hits="1"/>
						<line number="62" hits="0"/>
						<line number="114" hits="0"/>
						<line number="117" hits="1"/>
						<line number="128" hits="0"/>
						<line number="129" hits="0"/>
						<line number="130" hits="0"/>
						<line number="133" hits="0"/>
						<line number="134" hits="0"/>
						<line number="135" hits="0"/>
						<line number="136" hits="0"/>
						<line number="138" hits="0"/>
						<line number="154" hits="1"/>
						<line number="155" hits="1"/>
						<line number="168" hits="0"/>
						<line number="187" hits="0"/>
						<line number="190" hits="1"/>
						<line number="202" hits="0"/>
						<line number="204" hits="0"/>
						<line number="220" hits="1"/>
						<line number="221" hits="1"/>
						<line number="228" hits="0"/>
						<line number="275" hits="1"/>
						<line number="276" hits="1"/>
						<line number="283" hits="0"/>
						<line number="412" hits="1"/>
						<line number="414" hits="1"/>
						<line number="415" hits="1"/>
						<line number="416" hits="1"/>
						<line number="419" hits="1"/>
						<line number="420" hits="1"/>
						<line number="425" hits="1"/>
						<line number="427" hits="1"/>
						<line number="429" hits="1"/>
						<line number="431" hits="1"/>
						<line number="432" hits="1"/>
						<line number="433" hits="1"/>
						<line number="434" hits="1"/>
						<line number="435" hits="1"/>
						<line number="438" hits="1"/>
						<line number="441" hits="1"/>
						<line number="442" hits="1"/>
						<line number="443" hits="1"/>
						<line number="444" hits="1"/>
						<line number="445" hits="1"/>
						<line number="448" hits="1"/>
						<line number="458" hits="1"/>
						<line number="459" hits="1"/>
						<line number="460" hits="1"/>
						<line number="461" hits="1"/>
						<line number="464" hits="1"/>
						<line number="465" hits="1"/>
						<line number="466" hits="1"/>
						<line number="467" hits="1"/>
						<line number="468" hits="1"/>
						<line number="469" hits="1"/>
						<line number="470" hits="1"/>
						<line number="480" hits="1"/>
						<line number="481" hits="0"/>
						<line number="483" hits="1"/>
						<line number="484" hits="0"/>
						<line number="486" hits="1"/>
						<line number="489" hits="1"/>
						<line number="490" hits="1"/>
						<line number="505" hits="1"/>
						<line number="507" hits="1"/>
						<line number="508" hits="1"/>
						<line number="511" hits="1"/>
						<line number="512" hits="1"/>
						<line number="515" hits="1"/>
						<line number="518" hits="1"/>
						<line number="519" hits="1"/>
						<line number="520" hits="1"/>
						<line number="521" hits="1"/>
						<line number="522" hits="1"/>
						<line number="526" hits="1"/>
						<line number="528" hits="1"/>
						<line number="530" hits="0"/>
						<line number="531" hits="0"/>
						<line number="532" hits="0"/>
						<line number="533" hits="0"/>
						<line number="534" hits="0"/>
						<line number="537" hits="0"/>
						<line number="550" hits="1"/>
						<line number="552" hits="0"/>
						<line number="553" hits="0"/>
						<line number="554" hits="0"/>
						<line number="555" hits="0"/>
						<line number="556" hits="0"/>
						<line number="559" hits="0"/>
						<line number="572" hits="1"/>
						<line number="573" hits="1"/>
						<line number="576" hits="1"/>
						<line number="580" hits="1"/>
						<line number="582" hits="1"/>
						<line number="583" hits="1"/>
						<line number="584" hits="1"/>
						<line number="585" hits="1"/>
						<line number="586" hits="1"/>
						<line number="588" hits="1"/>
						<line number="589" hits="1"/>
						<line number="591" hits="1"/>
						<line number="594" hits="1"/>
						<line number="595" hits="1"/>
						<line number="597" hits="1"/>
						<line number="598" hits="1"/>
						<line number="599" hits="1"/>
						<line number="601" hits="1"/>
						<line number="602" hits="1"/>
						<line number="604" hits="1"/>
						<line number="606" hits="1"/>
						<line number="616" hits="1"/>
						<line number="617" hits="1"/>
						<line number="632" hits="1"/>
						<line number="634" hits="1"/>
						<line number="636" hits="1"/>
						<line number="637" hits="1"/>
						<line number="639" hits="1"/>
						<line number="640" hits="1"/>
						<line number="643" hits="1"/>
						<line number="644" hits="1"/>
						<line number="645" hits="1"/>
						<line number="646" hits="1"/>
						<line number="649" hits="1"/>
						<line number="651" hits="1"/>
						<line number="652" hits="1"/>
						<line number="653" hits="1"/>
						<line number="654" hits="1"/>
						<line number="655" hits="1"/>
						<line number="656" hits="1"/>
						<line number="657" hits="1"/>
						<line number="668" hits="1"/>
						<line number="669" hits="1"/>
						<line number="670" hits="1"/>
						<line number="671" hits="1"/>
						<line number="672" hits="1"/>
						<line number="673" hits="1"/>
						<line number="684" hits="1"/>
						<line number="686" hits="1"/>
						<line number="690" hits="1"/>
						<line number="691" hits="1"/>
						<line number="694" hits="1"/>
						<line number="698" hits="1"/>
						<line number="699" hits="1"/>
						<line number="700" hits="1"/>
						<line number="701" hits="1"/>
						<line number="704" hits="1"/>
						<line number="706" hits="1"/>
						<line number="707" hits="1"/>
						<line number="708" hits="1"/>
						<line number="709" hits="1"/>
						<line number="710" hits="1"/>
						<line number="711" hits="1"/>
						<line number="712" hits="1"/>
						<line number="723" hits="1"/>
						<line number="724" hits="1"/>
						<line number="725" hits="1"/>
						<line number="726" hits="1"/>
						<line number="727" hits="1"/>
						<line number="728" hits="1"/>
						<line number="742" hits="1"/>
						<line number="744" hits="0"/>
						<line number="746" hits="0"/>
						<line number="748" hits="0"/>
						<line number="749" hits="0"/>
						<line number="750" hits="0"/>
						<line number="751" hits="0"/>
						<line number="752" hits="0"/>
						<line number="759" hits="0"/>
						<line number="760" hits="0"/>
						<line number="761" hits="0"/>
						<line number="762" hits="0"/>
						<line number="763" hits="0"/>
						<line number="771" hits="0"/>
						<line number="772" hits="0"/>
						<line number="773" hits="0"/>
						<line number="774" hits="0"/>
						<line number="782" hits="0"/>
						<line number="783" hits="0"/>
						<line number="784" hits="0"/>
						<line number="785" hits="0"/>
						<line number="787" hits="0"/>
						<line number="789" hits="0"/>
						<line number="791" hits="0"/>
						<line number="792" hits="0"/>
						<line number="793" hits="0"/>
						<line number="794" hits="0"/>
						<line number="795" hits="0"/>
						<line number="802" hits="0"/>
						<line number="803" hits="0"/>
						<line number="804" hits="0"/>
						<line number="805" hits="0"/>
						<line number="806" hits="0"/>
						<line number="814" hits="0"/>
						<line number="815" hits="0"/>
						<line number="816" hits="0"/>
						<line number="817" hits="0"/>
						<line number="825" hits="0"/>
						<line number="826" hits="0"/>
						<line number="827" hits="0"/>
						<line number="828" hits="0"/>
						<line number="832" hits="0"/>
						<line number="834" hits="1"/>
					</lines>
				</class>
				<class name="plots.py" filename="plots.py" complexity="0" line-rate="0.9388" branch-rate="0">
					<methods/>
					<lines>
						<line number="7" hits="1"/>
						<line number="8" hits="1"/>
						<line number="9" hits="1"/>
						<line number="10" hits="1"/>
						<line number="13" hits="1"/>
						<line number="15" hits="0"/>
						<line number="16" hits="0"/>
						<line number="17" hits="0"/>
						<line number="20" hits="1"/>
						<line number="22" hits="1"/>
						<line number="23" hits="1"/>
						<line number="24" hits="1"/>
						<line number="25" hits="1"/>
						<line number="26" hits="1"/>
						<line number="27" hits="1"/>
						<line number="28" hits="1"/>
						<line number="29" hits="1"/>
						<line number="30" hits="1"/>
						<line number="33" hits="1"/>
						<line number="35" hits="1"/>
						<line number="36" hits="1"/>
						<line number="37" hits="1"/>
						<line number="38" hits="0"/>
						<line number="39" hits="1"/>
						<line number="40" hits="0"/>
						<line number="41" hits="1"/>
						<line number="42" hits="0"/>
						<line number="43" hits="1"/>
						<line number="49" hits="1"/>
						<line number="63" hits="1"/>
						<line number="64" hits="1"/>
						<line number="65" hits="1"/>
						<line number="66" hits="1"/>
						<line number="67" hits="1"/>
						<line number="70" hits="1"/>
						<line number="80" hits="1"/>
						<line number="92" hits="1"/>
						<line number="104" hits="1"/>
						<line number="105" hits="1"/>
						<line number="106" hits="1"/>
						<line number="112" hits="1"/>
						<line number="123" hits="1"/>
						<line number="124" hits="1"/>
						<line number="136" hits="1"/>
						<line number="143" hits="1"/>
						<line number="146" hits="1"/>
						<line number="155" hits="1"/>
						<line number="158" hits="1"/>
						<line number="169" hits="1"/>
						<line number="179" hits="1"/>
						<line number="187" hits="1"/>
						<line number="190" hits="1"/>
						<line number="201" hits="1"/>
						<line number="220" hits="1"/>
						<line number="225" hits="1"/>
						<line number="228" hits="1"/>
						<line number="241" hits="1"/>
						<line number="244" hits="1"/>
						<line number="257" hits="1"/>
						<line number="268" hits="1"/>
						<line number="278" hits="1"/>
						<line number="281" hits="1"/>
						<line number="285" hits="1"/>
						<line number="287" hits="1"/>
						<line number="297" hits="1"/>
						<line number="299" hits="1"/>
						<line number="306" hits="1"/>
						<line number="309" hits="1"/>
						<line number="318" hits="1"/>
						<line number="320" hits="1"/>
						<line number="331" hits="1"/>
						<line number="334" hits="1"/>
						<line number="337" hits="1"/>
						<line number="345" hits="1"/>
						<line number="347" hits="1"/>
						<line number="353" hits="1"/>
						<line number="354" hits="1"/>
						<line number="355" hits="1"/>
						<line number="366" hits="1"/>
						<line number="373" hits="1"/>
						<line number="379" hits="1"/>
						<line number="385" hits="1"/>
						<line number="386" hits="1"/>
						<line number="387" hits="1"/>
						<line number="388" hits="1"/>
						<line number="389" hits="1"/>
						<line number="390" hits="1"/>
						<line number="391" hits="1"/>
						<line number="392" hits="1"/>
						<line number="393" hits="1"/>
						<line number="396" hits="1"/>
						<line number="415" hits="1"/>
						<line number="418" hits="1"/>
						<line number="426" hits="1"/>
						<line number="429" hits="1"/>
						<line number="432" hits="1"/>
						<line number="446" hits="1"/>
						<line number="455" hits="1"/>
					</lines>
				</class>
			</classes>
		</package>
	</packages>
</coverage>
